#! /c/Source/iverilog-install/bin/vvp
:ivl_version "12.0 (devel)" "(s20150603-1539-g2693dd32b)";
:ivl_delay_selection "TYPICAL";
:vpi_time_precision + 0;
:vpi_module "C:\iverilog\lib\ivl\system.vpi";
:vpi_module "C:\iverilog\lib\ivl\vhdl_sys.vpi";
:vpi_module "C:\iverilog\lib\ivl\vhdl_textio.vpi";
:vpi_module "C:\iverilog\lib\ivl\v2005_math.vpi";
:vpi_module "C:\iverilog\lib\ivl\va_math.vpi";
:vpi_module "C:\iverilog\lib\ivl\v2009.vpi";
S_000001f9fc9e7cc0 .scope package, "$unit" "$unit" 2 1;
 .timescale 0 0;
S_000001f9fc9e8020 .scope module, "top" "top" 3 4;
 .timescale 0 0;
v000001f9fc63c150_0 .net "ans", 1 0, L_000001f9fc9f3e40;  1 drivers
v000001f9fc63c1f0_0 .var/2u "clk", 0 0;
v000001f9fc63c290_0 .net "signal1", 0 0, v000001f9fc9c2eb0_0;  1 drivers
v000001f9fc9f4980_0 .net "signal2", 0 0, v000001f9fc63c0b0_0;  1 drivers
S_000001f9fc638450 .scope module, "dut" "adder" 3 21, 3 68 0, S_000001f9fc9e8020;
 .timescale 0 0;
    .port_info 0 /INPUT 1 "operand1";
    .port_info 1 /INPUT 1 "operand2";
    .port_info 2 /OUTPUT 2 "ans";
v000001f9fc6385e0_0 .net *"_ivl_0", 1 0, L_000001f9fc9f3ee0;  1 drivers
L_000001f9fca41fe8 .functor BUFT 1, C4<0>, C4<0>, C4<0>, C4<0>;
v000001f9fc9e7ae0_0 .net *"_ivl_3", 0 0, L_000001f9fca41fe8;  1 drivers
v000001f9fc9c2af0_0 .net *"_ivl_4", 1 0, L_000001f9fc9f47a0;  1 drivers
L_000001f9fca42030 .functor BUFT 1, C4<0>, C4<0>, C4<0>, C4<0>;
v000001f9fc9c2b90_0 .net *"_ivl_7", 0 0, L_000001f9fca42030;  1 drivers
v000001f9fc9c2c30_0 .net "ans", 1 0, L_000001f9fc9f3e40;  alias, 1 drivers
v000001f9fc9c2cd0_0 .net "operand1", 0 0, v000001f9fc9c2eb0_0;  alias, 1 drivers
v000001f9fc9c2d70_0 .net "operand2", 0 0, v000001f9fc63c0b0_0;  alias, 1 drivers
L_000001f9fc9f3ee0 .concat [ 1 1 0 0], v000001f9fc9c2eb0_0, L_000001f9fca41fe8;
L_000001f9fc9f47a0 .concat [ 1 1 0 0], v000001f9fc63c0b0_0, L_000001f9fca42030;
L_000001f9fc9f3e40 .arith/sum 2, L_000001f9fc9f3ee0, L_000001f9fc9f47a0;
S_000001f9fc63bf20 .scope module, "tb" "testbench" 3 13, 3 37 0, S_000001f9fc9e8020;
 .timescale 0 0;
    .port_info 0 /OUTPUT 1 "operand1";
    .port_info 1 /OUTPUT 1 "operand2";
    .port_info 2 /INPUT 2 "ans";
v000001f9fc9c2e10_0 .net "ans", 1 0, L_000001f9fc9f3e40;  alias, 1 drivers
v000001f9fc9c2eb0_0 .var "operand1", 0 0;
v000001f9fc63c0b0_0 .var "operand2", 0 0;
E_000001f9fc9e71e0 .event anyedge, v000001f9fc9c2c30_0;
    .scope S_000001f9fc63bf20;
T_0 ;
    %pushi/vec4 0, 0, 1;
    %store/vec4 v000001f9fc9c2eb0_0, 0, 1;
    %pushi/vec4 0, 0, 1;
    %store/vec4 v000001f9fc63c0b0_0, 0, 1;
T_0.0 ;
    %load/vec4 v000001f9fc9c2e10_0;
    %pushi/vec4 0, 0, 2;
    %cmp/e;
    %flag_get/vec4 4;
    %cmpi/ne 1, 0, 1;
    %jmp/0xz T_0.1, 6;
    %wait E_000001f9fc9e71e0;
    %jmp T_0.0;
T_0.1 ;
    %vpi_call/w 3 46 "$display", "at time = %0d", $time, ", test1 pass" {0 0 0};
    %delay 10, 0;
    %pushi/vec4 0, 0, 1;
    %store/vec4 v000001f9fc9c2eb0_0, 0, 1;
    %pushi/vec4 1, 0, 1;
    %store/vec4 v000001f9fc63c0b0_0, 0, 1;
T_0.2 ;
    %load/vec4 v000001f9fc9c2e10_0;
    %pushi/vec4 1, 0, 2;
    %cmp/e;
    %flag_get/vec4 4;
    %cmpi/ne 1, 0, 1;
    %jmp/0xz T_0.3, 6;
    %wait E_000001f9fc9e71e0;
    %jmp T_0.2;
T_0.3 ;
    %vpi_call/w 3 52 "$display", "at time = %0d", $time, ", test2 pass" {0 0 0};
    %delay 10, 0;
    %pushi/vec4 1, 0, 1;
    %store/vec4 v000001f9fc9c2eb0_0, 0, 1;
    %pushi/vec4 0, 0, 1;
    %store/vec4 v000001f9fc63c0b0_0, 0, 1;
T_0.4 ;
    %load/vec4 v000001f9fc9c2e10_0;
    %pushi/vec4 1, 0, 2;
    %cmp/e;
    %flag_get/vec4 4;
    %cmpi/ne 1, 0, 1;
    %jmp/0xz T_0.5, 6;
    %wait E_000001f9fc9e71e0;
    %jmp T_0.4;
T_0.5 ;
    %vpi_call/w 3 58 "$display", "at time = %0d", $time, ", test3 pass" {0 0 0};
    %delay 10, 0;
    %pushi/vec4 1, 0, 1;
    %store/vec4 v000001f9fc9c2eb0_0, 0, 1;
    %pushi/vec4 1, 0, 1;
    %store/vec4 v000001f9fc63c0b0_0, 0, 1;
T_0.6 ;
    %load/vec4 v000001f9fc9c2e10_0;
    %pushi/vec4 2, 0, 2;
    %cmp/e;
    %flag_get/vec4 4;
    %cmpi/ne 1, 0, 1;
    %jmp/0xz T_0.7, 6;
    %wait E_000001f9fc9e71e0;
    %jmp T_0.6;
T_0.7 ;
    %vpi_call/w 3 64 "$display", "at time = %0d", $time, ", test4 pass" {0 0 0};
    %end;
    .thread T_0;
    .scope S_000001f9fc9e8020;
T_1 ;
    %delay 5, 0;
    %load/vec4 v000001f9fc63c1f0_0;
    %inv;
    %store/vec4 v000001f9fc63c1f0_0, 0, 1;
    %jmp T_1;
    .thread T_1;
    .scope S_000001f9fc9e8020;
T_2 ;
    %vpi_call/w 3 28 "$dumpfile", "top.vcd" {0 0 0};
    %vpi_call/w 3 29 "$dumpvars" {0 0 0};
    %delay 100, 0;
    %vpi_call/w 3 32 "$display", "at time = %0d", $time, ", end of the sim" {0 0 0};
    %vpi_call/w 3 33 "$finish" {0 0 0};
    %end;
    .thread T_2;
# The file index is used to find the file name in the following table.
:file_names 4;
    "N/A";
    "<interactive>";
    "-";
    "src/top.sv";
