#! /c/Source/iverilog-install/bin/vvp
:ivl_version "12.0 (devel)" "(s20150603-1539-g2693dd32b)";
:ivl_delay_selection "TYPICAL";
:vpi_time_precision + 0;
:vpi_module "C:\iverilog\lib\ivl\system.vpi";
:vpi_module "C:\iverilog\lib\ivl\vhdl_sys.vpi";
:vpi_module "C:\iverilog\lib\ivl\vhdl_textio.vpi";
:vpi_module "C:\iverilog\lib\ivl\v2005_math.vpi";
:vpi_module "C:\iverilog\lib\ivl\va_math.vpi";
:vpi_module "C:\iverilog\lib\ivl\v2009.vpi";
S_0000028da17ebb50 .scope package, "$unit" "$unit" 2 1;
 .timescale 0 0;
S_0000028da1ac29c0 .scope module, "top" "top" 3 5;
 .timescale 0 0;
S_0000028da1ac2b50 .scope begin, "block1" "block1" 3 8, 3 8 0, S_0000028da1ac29c0;
 .timescale 0 0;
S_0000028da1ae5670 .scope begin, "block2" "block2" 3 13, 3 13 0, S_0000028da1ac29c0;
 .timescale 0 0;
S_0000028da1ae5800 .scope begin, "block3" "block3" 3 18, 3 18 0, S_0000028da1ac29c0;
 .timescale 0 0;
    .scope S_0000028da1ac29c0;
T_0 ;
    %fork t_1, S_0000028da1ac29c0;
    %fork t_2, S_0000028da1ac29c0;
    %fork t_3, S_0000028da1ac29c0;
    %join;
    %join/detach 2;
    %jmp t_0;
t_1 ;
    %fork t_5, S_0000028da1ac2b50;
    %jmp t_4;
    .scope S_0000028da1ac2b50;
t_5 ;
    %vpi_call/w 3 9 "$display", "at time = %5d, ", $time, " start block1" {0 0 0};
    %delay 1, 0;
    %vpi_call/w 3 11 "$display", "at time = %5d, ", $time, " end block1" {0 0 0};
    %end;
    .scope S_0000028da1ac29c0;
t_4 %join;
    %end;
t_2 ;
    %fork t_7, S_0000028da1ae5670;
    %jmp t_6;
    .scope S_0000028da1ae5670;
t_7 ;
    %vpi_call/w 3 14 "$display", "at time = %5d, ", $time, " start block2" {0 0 0};
    %delay 2, 0;
    %vpi_call/w 3 16 "$display", "at time = %5d, ", $time, " end block2" {0 0 0};
    %end;
    .scope S_0000028da1ac29c0;
t_6 %join;
    %end;
t_3 ;
    %fork t_9, S_0000028da1ae5800;
    %jmp t_8;
    .scope S_0000028da1ae5800;
t_9 ;
    %vpi_call/w 3 19 "$display", "at time = %5d, ", $time, " start block3" {0 0 0};
    %delay 3, 0;
    %vpi_call/w 3 21 "$display", "at time = %5d, ", $time, " end block3" {0 0 0};
    %end;
    .scope S_0000028da1ac29c0;
t_8 %join;
    %end;
    .scope S_0000028da1ac29c0;
t_0 ;
    %vpi_call/w 3 24 "$display", "at time = %5d, ", $time, " out-of-fork-join-any" {0 0 0};
    %end;
    .thread T_0;
    .scope S_0000028da1ac29c0;
T_1 ;
    %delay 100, 0;
    %vpi_call/w 3 28 "$display", "at time = %5d, ", $time, " end of the sim" {0 0 0};
    %end;
    .thread T_1;
# The file index is used to find the file name in the following table.
:file_names 4;
    "N/A";
    "<interactive>";
    "-";
    "src/top.sv";
