#! /c/Source/iverilog-install/bin/vvp
:ivl_version "12.0 (devel)" "(s20150603-1539-g2693dd32b)";
:ivl_delay_selection "TYPICAL";
:vpi_time_precision + 0;
:vpi_module "C:\iverilog\lib\ivl\system.vpi";
:vpi_module "C:\iverilog\lib\ivl\vhdl_sys.vpi";
:vpi_module "C:\iverilog\lib\ivl\vhdl_textio.vpi";
:vpi_module "C:\iverilog\lib\ivl\v2005_math.vpi";
:vpi_module "C:\iverilog\lib\ivl\va_math.vpi";
:vpi_module "C:\iverilog\lib\ivl\v2009.vpi";
S_000001a769c12af0 .scope package, "$unit" "$unit" 2 1;
 .timescale 0 0;
S_000001a769c12c80 .scope module, "top" "top" 3 7;
 .timescale 0 0;
S_000001a7698ddca0 .scope begin, "block1" "block1" 3 10, 3 10 0, S_000001a769c12c80;
 .timescale 0 0;
S_000001a7698dde30 .scope begin, "block2" "block2" 3 15, 3 15 0, S_000001a769c12c80;
 .timescale 0 0;
    .scope S_000001a769c12c80;
T_0 ;
    %fork t_1, S_000001a769c12c80;
    %fork t_2, S_000001a769c12c80;
    %join;
    %join;
    %jmp t_0;
t_1 ;
    %fork t_4, S_000001a7698ddca0;
    %jmp t_3;
    .scope S_000001a7698ddca0;
t_4 ;
    %vpi_call/w 3 11 "$display", "at time = %5d, ", $time, " start block1" {0 0 0};
    %delay 1, 0;
    %vpi_call/w 3 13 "$display", "at time = %5d, ", $time, " end block1" {0 0 0};
    %end;
    .scope S_000001a769c12c80;
t_3 %join;
    %end;
t_2 ;
    %fork t_6, S_000001a7698dde30;
    %jmp t_5;
    .scope S_000001a7698dde30;
t_6 ;
    %vpi_call/w 3 16 "$display", "at time = %5d, ", $time, " start block2" {0 0 0};
    %delay 2, 0;
    %vpi_call/w 3 18 "$display", "at time = %5d, ", $time, " end block2" {0 0 0};
    %end;
    .scope S_000001a769c12c80;
t_5 %join;
    %end;
    .scope S_000001a769c12c80;
t_0 ;
    %vpi_call/w 3 21 "$display", "at time = %5d, ", $time, " out-of-fork-join" {0 0 0};
    %end;
    .thread T_0;
    .scope S_000001a769c12c80;
T_1 ;
    %delay 100, 0;
    %vpi_call/w 3 25 "$display", "at time = %5d, ", $time, " end of the sim" {0 0 0};
    %end;
    .thread T_1;
# The file index is used to find the file name in the following table.
:file_names 4;
    "N/A";
    "<interactive>";
    "-";
    "src/top.sv";
