#! /c/Source/iverilog-install/bin/vvp
:ivl_version "12.0 (devel)" "(s20150603-1539-g2693dd32b)";
:ivl_delay_selection "TYPICAL";
:vpi_time_precision + 0;
:vpi_module "C:\iverilog\lib\ivl\system.vpi";
:vpi_module "C:\iverilog\lib\ivl\vhdl_sys.vpi";
:vpi_module "C:\iverilog\lib\ivl\vhdl_textio.vpi";
:vpi_module "C:\iverilog\lib\ivl\v2005_math.vpi";
:vpi_module "C:\iverilog\lib\ivl\va_math.vpi";
:vpi_module "C:\iverilog\lib\ivl\v2009.vpi";
S_0000021d474db810 .scope package, "$unit" "$unit" 2 1;
 .timescale 0 0;
S_0000021d474dbc30 .scope module, "top" "top" 3 37;
 .timescale 0 0;
UDP_my_dff1 .udp/sequ "my_dff1", 2, 2
 ,"?r00"
 ,"?r11";
L_0000021d474da7d0 .udp UDP_my_dff1, v0000021d474db5c0_0, v0000021d474d9870_0;
UDP_my_dff2 .udp/sequ "my_dff2", 2, 2
 ,"?r00"
 ,"?r11"
 ,"?f?-";
L_0000021d474da8b0 .udp UDP_my_dff2, v0000021d474db5c0_0, v0000021d474d9870_0;
UDP_my_dff3 .udp/sequ "my_dff3", 2, 2
 ,"?r00"
 ,"?r11"
 ,"?f?-";
L_0000021d474daa00 .udp UDP_my_dff3, v0000021d474db5c0_0, v0000021d474d9870_0;
v0000021d474db5c0_0 .var/2u "clk", 0 0;
v0000021d474d9870_0 .var "d", 0 0;
v0000021d474da210_0 .net "q1", 0 0, L_0000021d474da7d0;  1 drivers
v0000021d474daac0_0 .net "q2", 0 0, L_0000021d474da8b0;  1 drivers
v0000021d474dbdc0_0 .net "q3", 0 0, L_0000021d474daa00;  1 drivers
E_0000021d474dd2a0 .event negedge, v0000021d474db5c0_0;
E_0000021d474ddaa0 .event posedge, v0000021d474db5c0_0;
    .scope S_0000021d474dbc30;
T_0 ;
    %delay 5, 0;
    %load/vec4 v0000021d474db5c0_0;
    %inv;
    %store/vec4 v0000021d474db5c0_0, 0, 1;
    %jmp T_0;
    .thread T_0;
    .scope S_0000021d474dbc30;
T_1 ;
    %vpi_call/w 3 50 "$dumpfile", "top.vcd" {0 0 0};
    %vpi_call/w 3 51 "$dumpvars" {0 0 0};
    %pushi/vec4 0, 0, 1;
    %store/vec4 v0000021d474d9870_0, 0, 1;
    %wait E_0000021d474ddaa0;
    %wait E_0000021d474dd2a0;
    %pushi/vec4 1, 0, 1;
    %store/vec4 v0000021d474d9870_0, 0, 1;
    %wait E_0000021d474ddaa0;
    %wait E_0000021d474dd2a0;
    %delay 10, 0;
    %vpi_call/w 3 61 "$display", "at time = %0d", $time, ", end of the sim" {0 0 0};
    %vpi_call/w 3 62 "$finish" {0 0 0};
    %end;
    .thread T_1;
# The file index is used to find the file name in the following table.
:file_names 4;
    "N/A";
    "<interactive>";
    "-";
    "src/top.sv";
