#! /c/Source/iverilog-install/bin/vvp
:ivl_version "12.0 (devel)" "(s20150603-1539-g2693dd32b)";
:ivl_delay_selection "TYPICAL";
:vpi_time_precision + 0;
:vpi_module "C:\iverilog\lib\ivl\system.vpi";
:vpi_module "C:\iverilog\lib\ivl\vhdl_sys.vpi";
:vpi_module "C:\iverilog\lib\ivl\vhdl_textio.vpi";
:vpi_module "C:\iverilog\lib\ivl\v2005_math.vpi";
:vpi_module "C:\iverilog\lib\ivl\va_math.vpi";
:vpi_module "C:\iverilog\lib\ivl\v2009.vpi";
S_000001dfe1e029c0 .scope package, "$unit" "$unit" 2 1;
 .timescale 0 0;
S_000001dfe1e02b50 .scope module, "top" "top" 3 4;
 .timescale 0 0;
v000001dfe1e02ce0_0 .var/str "case1";
v000001dfe1e02d80_0 .var/str "case2";
S_000001dfe1e27ae0 .scope task, "case1_a" "case1_a" 3 16, 3 16 0, S_000001dfe1e02b50;
 .timescale 0 0;
TD_top.case1_a ;
    %vpi_call/w 3 17 "$display", "--------", $time, " ns, ", v000001dfe1e02ce0_0, ", case1_a" {0 0 0};
    %end;
S_000001dfe1e27c70 .scope task, "case1_b" "case1_b" 3 19, 3 19 0, S_000001dfe1e02b50;
 .timescale 0 0;
TD_top.case1_b ;
    %delay 1, 0;
    %vpi_call/w 3 21 "$display", "--------", $time, " ns, ", v000001dfe1e02ce0_0, ", case1_b" {0 0 0};
    %end;
S_000001dfe1e27e00 .scope task, "case2_a" "case2_a" 3 38, 3 38 0, S_000001dfe1e02b50;
 .timescale 0 0;
TD_top.case2_a ;
    %vpi_call/w 3 39 "$display", "%0d", $time, " ns, ", v000001dfe1e02d80_0, ", case2_a" {0 0 0};
    %end;
S_000001dfe1e28fa0 .scope task, "case2_b" "case2_b" 3 41, 3 41 0, S_000001dfe1e02b50;
 .timescale 0 0;
TD_top.case2_b ;
    %delay 1, 0;
    %vpi_call/w 3 43 "$display", "%0d", $time, " ns, ", v000001dfe1e02d80_0, ", case2_b" {0 0 0};
    %end;
    .scope S_000001dfe1e02b50;
T_4 ;
    %pushi/str "case1";
    %store/str v000001dfe1e02ce0_0;
    %pushi/str "case2";
    %store/str v000001dfe1e02d80_0;
    %end;
    .thread T_4, $init;
    .scope S_000001dfe1e02b50;
T_5 ;
    %fork t_1, S_000001dfe1e02b50;
    %fork t_2, S_000001dfe1e02b50;
    %join/detach 2;
    %jmp t_0;
t_1 ;
    %fork TD_top.case1_a, S_000001dfe1e27ae0;
    %join;
    %end;
t_2 ;
    %fork TD_top.case1_b, S_000001dfe1e27c70;
    %join;
    %end;
    .scope S_000001dfe1e02b50;
t_0 ;
    %fork t_4, S_000001dfe1e02b50;
    %join/detach 1;
    %jmp t_3;
t_4 ;
    %delay 5, 0;
    %end;
    .scope S_000001dfe1e02b50;
t_3 ;
    %vpi_call/w 3 14 "$display", "--------", $time, " ns, ", v000001dfe1e02ce0_0, ", finish" {0 0 0};
    %end;
    .thread T_5;
    .scope S_000001dfe1e02b50;
T_6 ;
    %fork t_6, S_000001dfe1e02b50;
    %fork t_7, S_000001dfe1e02b50;
    %join/detach 2;
    %jmp t_5;
t_6 ;
    %fork TD_top.case2_a, S_000001dfe1e27e00;
    %join;
    %end;
t_7 ;
    %fork TD_top.case2_b, S_000001dfe1e28fa0;
    %join;
    %end;
    .scope S_000001dfe1e02b50;
t_5 ;
    %fork t_9, S_000001dfe1e02b50;
    %join/detach 1;
    %jmp t_8;
t_9 ;
    %delay 5, 0;
    %end;
    .scope S_000001dfe1e02b50;
t_8 ;
    %wait/fork;
    %vpi_call/w 3 36 "$display", "%0d", $time, " ns, ", v000001dfe1e02d80_0, ", finish" {0 0 0};
    %end;
    .thread T_6;
# The file index is used to find the file name in the following table.
:file_names 4;
    "N/A";
    "<interactive>";
    "-";
    "src/top.sv";
