#! /c/Source/iverilog-install/bin/vvp
:ivl_version "12.0 (devel)" "(s20150603-1539-g2693dd32b)";
:ivl_delay_selection "TYPICAL";
:vpi_time_precision + 0;
:vpi_module "C:\iverilog\lib\ivl\system.vpi";
:vpi_module "C:\iverilog\lib\ivl\vhdl_sys.vpi";
:vpi_module "C:\iverilog\lib\ivl\vhdl_textio.vpi";
:vpi_module "C:\iverilog\lib\ivl\v2005_math.vpi";
:vpi_module "C:\iverilog\lib\ivl\va_math.vpi";
:vpi_module "C:\iverilog\lib\ivl\v2009.vpi";
S_00000152dac2ad80 .scope package, "$unit" "$unit" 2 1;
 .timescale 0 0;
S_00000152daf32af0 .scope module, "top" "top" 3 4;
 .timescale 0 0;
v00000152daf32c80_0 .var "a", 1 0;
v00000152daf32d20_0 .var "b", 1 0;
v00000152daf32dc0_0 .var "c", 1 0;
v00000152daf32e60_0 .var/2u "clk", 0 0;
v00000152dafa9c10_0 .var "d", 1 0;
v00000152dafa9cb0_0 .var "e", 1 0;
v00000152dafa9d50_0 .var "f", 1 0;
E_00000152dac2ca30 .event posedge, v00000152daf32e60_0;
    .scope S_00000152daf32af0;
T_0 ;
    %pushi/vec4 1, 0, 2;
    %store/vec4 v00000152daf32c80_0, 0, 2;
    %pushi/vec4 2, 0, 2;
    %store/vec4 v00000152daf32d20_0, 0, 2;
    %pushi/vec4 3, 0, 2;
    %store/vec4 v00000152daf32dc0_0, 0, 2;
    %pushi/vec4 1, 0, 2;
    %store/vec4 v00000152dafa9c10_0, 0, 2;
    %pushi/vec4 2, 0, 2;
    %store/vec4 v00000152dafa9cb0_0, 0, 2;
    %pushi/vec4 3, 0, 2;
    %store/vec4 v00000152dafa9d50_0, 0, 2;
    %end;
    .thread T_0, $init;
    .scope S_00000152daf32af0;
T_1 ;
    %delay 5, 0;
    %load/vec4 v00000152daf32e60_0;
    %inv;
    %store/vec4 v00000152daf32e60_0, 0, 1;
    %jmp T_1;
    .thread T_1;
    .scope S_00000152daf32af0;
T_2 ;
    %wait E_00000152dac2ca30;
    %load/vec4 v00000152daf32c80_0;
    %assign/vec4 v00000152daf32d20_0, 0;
    %load/vec4 v00000152daf32d20_0;
    %assign/vec4 v00000152daf32dc0_0, 0;
    %jmp T_2;
    .thread T_2;
    .scope S_00000152daf32af0;
T_3 ;
    %wait E_00000152dac2ca30;
    %load/vec4 v00000152dafa9c10_0;
    %store/vec4 v00000152dafa9cb0_0, 0, 2;
    %load/vec4 v00000152dafa9cb0_0;
    %store/vec4 v00000152dafa9d50_0, 0, 2;
    %jmp T_3;
    .thread T_3;
    .scope S_00000152daf32af0;
T_4 ;
    %vpi_call/w 3 29 "$dumpfile", "top.vcd" {0 0 0};
    %vpi_call/w 3 30 "$dumpvars" {0 0 0};
    %delay 20, 0;
    %vpi_call/w 3 33 "$display", "at time = ", $time, " end of the sim" {0 0 0};
    %vpi_call/w 3 34 "$finish" {0 0 0};
    %end;
    .thread T_4;
# The file index is used to find the file name in the following table.
:file_names 4;
    "N/A";
    "<interactive>";
    "-";
    "src/top.sv";
