#! /c/Source/iverilog-install/bin/vvp
:ivl_version "12.0 (devel)" "(s20150603-1539-g2693dd32b)";
:ivl_delay_selection "TYPICAL";
:vpi_time_precision + 0;
:vpi_module "C:\iverilog\lib\ivl\system.vpi";
:vpi_module "C:\iverilog\lib\ivl\vhdl_sys.vpi";
:vpi_module "C:\iverilog\lib\ivl\vhdl_textio.vpi";
:vpi_module "C:\iverilog\lib\ivl\v2005_math.vpi";
:vpi_module "C:\iverilog\lib\ivl\va_math.vpi";
:vpi_module "C:\iverilog\lib\ivl\v2009.vpi";
S_000001a01d032ad0 .scope package, "$unit" "$unit" 2 1;
 .timescale 0 0;
S_000001a01d032c60 .scope module, "top" "top" 3 4;
 .timescale 0 0;
v000001a01cbcadb0_0 .var "A", 3 0;
v000001a01cbcb250_0 .var "B", 3 0;
v000001a01d0637b0_0 .var "Sum", 3 0;
v000001a01d063850_0 .var/2u "clk", 0 0;
E_000001a01cbcca70 .event anyedge, v000001a01d0637b0_0, v000001a01cbcadb0_0, v000001a01cbcb250_0;
E_000001a01cbcc570 .event anyedge, v000001a01cbcadb0_0, v000001a01cbcb250_0;
    .scope S_000001a01d032c60;
T_0 ;
    %pushi/vec4 2, 0, 4;
    %store/vec4 v000001a01cbcadb0_0, 0, 4;
    %pushi/vec4 3, 0, 4;
    %store/vec4 v000001a01cbcb250_0, 0, 4;
    %end;
    .thread T_0, $init;
    .scope S_000001a01d032c60;
T_1 ;
    %delay 5, 0;
    %load/vec4 v000001a01d063850_0;
    %inv;
    %store/vec4 v000001a01d063850_0, 0, 1;
    %jmp T_1;
    .thread T_1;
    .scope S_000001a01d032c60;
T_2 ;
    %vpi_call/w 3 9 "$dumpfile", "top.vcd" {0 0 0};
    %vpi_call/w 3 10 "$dumpvars" {0 0 0};
    %delay 100, 0;
    %vpi_call/w 3 14 "$display", "at time = %0d", $time, ", end of the sim" {0 0 0};
    %vpi_call/w 3 15 "$finish" {0 0 0};
    %end;
    .thread T_2;
    .scope S_000001a01d032c60;
T_3 ;
Ewait_0 .event/or E_000001a01cbcc570, E_0x0;
    %wait Ewait_0;
    %load/vec4 v000001a01cbcadb0_0;
    %load/vec4 v000001a01cbcb250_0;
    %add;
    %store/vec4 v000001a01d0637b0_0, 0, 4;
    %jmp T_3;
    .thread T_3, $push;
    .scope S_000001a01d032c60;
T_4 ;
Ewait_1 .event/or E_000001a01cbcca70, E_0x0;
    %wait Ewait_1;
    %load/vec4 v000001a01d0637b0_0;
    %load/vec4 v000001a01cbcadb0_0;
    %load/vec4 v000001a01cbcb250_0;
    %add;
    %cmp/e;
    %jmp/0xz  T_4.0, 4;
    %jmp T_4.1;
T_4.0 ;
    %vpi_call/w 3 28 "$display", "Assertion failed: A + B is not equal to Sum" {0 0 0};
T_4.1 ;
    %jmp T_4;
    .thread T_4, $push;
    .scope S_000001a01d032c60;
T_5 ;
    %vpi_call/w 3 32 "$display", "A = %b, B = %b, Sum = %b", v000001a01cbcadb0_0, v000001a01cbcb250_0, v000001a01d0637b0_0 {0 0 0};
    %end;
    .thread T_5;
# The file index is used to find the file name in the following table.
:file_names 4;
    "N/A";
    "<interactive>";
    "-";
    "src/top.sv";
