#! /c/Source/iverilog-install/bin/vvp
:ivl_version "12.0 (devel)" "(s20150603-1539-g2693dd32b)";
:ivl_delay_selection "TYPICAL";
:vpi_time_precision + 0;
:vpi_module "C:\iverilog\lib\ivl\system.vpi";
:vpi_module "C:\iverilog\lib\ivl\vhdl_sys.vpi";
:vpi_module "C:\iverilog\lib\ivl\vhdl_textio.vpi";
:vpi_module "C:\iverilog\lib\ivl\v2005_math.vpi";
:vpi_module "C:\iverilog\lib\ivl\va_math.vpi";
:vpi_module "C:\iverilog\lib\ivl\v2009.vpi";
S_000001e4cd69ce50 .scope package, "$unit" "$unit" 2 1;
 .timescale 0 0;
S_000001e4cd6987c0 .scope module, "top" "top" 3 5;
 .timescale 0 0;
P_000001e4cd6990b0 .param/l "p" 0 3 26, +C4<00000000000000000000000000000000>;
v000001e4cd6a75a0_0 .var/2u "clk", 0 0;
S_000001e4cd6729c0 .scope generate, "gen1[0]" "gen1[0]" 3 12, 3 12 0, S_000001e4cd6987c0;
 .timescale 0 0;
P_000001e4cd699470 .param/l "i" 0 3 12, +C4<00>;
S_000001e4cd672b50 .scope module, "inst_sub" "sub" 3 13, 3 46 0, S_000001e4cd6729c0;
 .timescale 0 0;
S_000001e4cd6a7e20 .scope generate, "gen1[1]" "gen1[1]" 3 12, 3 12 0, S_000001e4cd6987c0;
 .timescale 0 0;
P_000001e4cd699670 .param/l "i" 0 3 12, +C4<01>;
S_000001e4cd6a7fb0 .scope module, "inst_sub" "sub" 3 13, 3 46 0, S_000001e4cd6a7e20;
 .timescale 0 0;
S_000001e4cd6a7850 .scope generate, "gen2[0]" "gen2[0]" 3 17, 3 17 0, S_000001e4cd6987c0;
 .timescale 0 0;
P_000001e4cd6992b0 .param/l "i" 0 3 17, +C4<00>;
S_000001e4cd6a79e0 .scope module, "inst_sub" "sub" 3 18, 3 46 0, S_000001e4cd6a7850;
 .timescale 0 0;
S_000001e4cd6a7280 .scope generate, "gen2[1]" "gen2[1]" 3 17, 3 17 0, S_000001e4cd6987c0;
 .timescale 0 0;
P_000001e4cd6995f0 .param/l "i" 0 3 17, +C4<01>;
S_000001e4cd6a7410 .scope module, "inst_sub" "sub" 3 18, 3 46 0, S_000001e4cd6a7280;
 .timescale 0 0;
S_000001e4cd697ec0 .scope generate, "gen2[2]" "gen2[2]" 3 17, 3 17 0, S_000001e4cd6987c0;
 .timescale 0 0;
P_000001e4cd6996b0 .param/l "i" 0 3 17, +C4<010>;
S_000001e4cd698050 .scope module, "inst_sub" "sub" 3 18, 3 46 0, S_000001e4cd697ec0;
 .timescale 0 0;
S_000001e4cd6981e0 .scope generate, "genblk3[0]" "genblk3[0]" 3 21, 3 21 0, S_000001e4cd6987c0;
 .timescale 0 0;
P_000001e4cd698f30 .param/l "i" 0 3 21, +C4<00>;
S_000001e4cd698370 .scope module, "inst_sub" "sub" 3 22, 3 46 0, S_000001e4cd6981e0;
 .timescale 0 0;
v000001e4cd69bbf0_0 .var/2u "sig_in_sub", 0 0;
S_000001e4cd6f3830 .scope generate, "genblk3[1]" "genblk3[1]" 3 21, 3 21 0, S_000001e4cd6987c0;
 .timescale 0 0;
P_000001e4cd698b70 .param/l "i" 0 3 21, +C4<01>;
S_000001e4cd6f39c0 .scope module, "inst_sub" "sub" 3 22, 3 46 0, S_000001e4cd6f3830;
 .timescale 0 0;
v000001e4cd698950_0 .var/2u "sig_in_sub", 0 0;
S_000001e4cd6f3f60 .scope generate, "genblk3[2]" "genblk3[2]" 3 21, 3 21 0, S_000001e4cd6987c0;
 .timescale 0 0;
P_000001e4cd699030 .param/l "i" 0 3 21, +C4<010>;
S_000001e4cd6a3bf0 .scope module, "inst_sub" "sub" 3 22, 3 46 0, S_000001e4cd6f3f60;
 .timescale 0 0;
S_000001e4cd6a4550 .scope generate, "genblk3[3]" "genblk3[3]" 3 21, 3 21 0, S_000001e4cd6987c0;
 .timescale 0 0;
P_000001e4cd6998b0 .param/l "i" 0 3 21, +C4<011>;
S_000001e4cd6a3f10 .scope module, "inst_sub" "sub" 3 22, 3 46 0, S_000001e4cd6a4550;
 .timescale 0 0;
S_000001e4cd6a3d80 .scope generate, "genblk4" "genblk4" 3 27, 3 27 0, S_000001e4cd6987c0;
 .timescale 0 0;
S_000001e4cd6a3740 .scope module, "inst_sub3" "sub3" 3 30, 3 54 0, S_000001e4cd6a3d80;
 .timescale 0 0;
v000001e4cd699f30_0 .var/2u "sig_in_sub3", 0 0;
    .scope S_000001e4cd6987c0;
T_0 ;
    %delay 5, 0;
    %load/vec4 v000001e4cd6a75a0_0;
    %inv;
    %store/vec4 v000001e4cd6a75a0_0, 0, 1;
    %jmp T_0;
    .thread T_0;
    .scope S_000001e4cd6987c0;
T_1 ;
    %vpi_call/w 3 34 "$dumpfile", "top.vcd" {0 0 0};
    %vpi_call/w 3 35 "$dumpvars", 32'sb00000000000000000000000000000000, S_000001e4cd6987c0 {0 0 0};
    %vpi_call/w 3 36 "$dumpvars", 32'sb00000000000000000000000000000000, v000001e4cd69bbf0_0 {0 0 0};
    %vpi_call/w 3 37 "$dumpvars", 32'sb00000000000000000000000000000000, v000001e4cd698950_0 {0 0 0};
    %vpi_call/w 3 38 "$dumpvars", 32'sb00000000000000000000000000000000, v000001e4cd699f30_0 {0 0 0};
    %delay 100, 0;
    %vpi_call/w 3 41 "$display", "at time = %0d", $time, ", end of the sim" {0 0 0};
    %vpi_call/w 3 42 "$finish" {0 0 0};
    %end;
    .thread T_1;
# The file index is used to find the file name in the following table.
:file_names 4;
    "N/A";
    "<interactive>";
    "-";
    "src/top.sv";
