#! /c/Source/iverilog-install/bin/vvp
:ivl_version "12.0 (devel)" "(s20150603-1539-g2693dd32b)";
:ivl_delay_selection "TYPICAL";
:vpi_time_precision + 0;
:vpi_module "C:\iverilog\lib\ivl\system.vpi";
:vpi_module "C:\iverilog\lib\ivl\vhdl_sys.vpi";
:vpi_module "C:\iverilog\lib\ivl\vhdl_textio.vpi";
:vpi_module "C:\iverilog\lib\ivl\v2005_math.vpi";
:vpi_module "C:\iverilog\lib\ivl\va_math.vpi";
:vpi_module "C:\iverilog\lib\ivl\v2009.vpi";
S_0000025a1ab1bb60 .scope package, "$unit" "$unit" 2 1;
 .timescale 0 0;
S_0000025a1adf29c0 .scope module, "top" "top" 3 11;
 .timescale 0 0;
v0000025a1ab1bf40_0 .var/2u "clk", 0 0;
v0000025a1adf2b50_0 .var "d", 1 0;
v0000025a1adf2bf0_0 .var "q1", 1 0;
v0000025a1adf2c90_0 .var "q2", 1 0;
v0000025a1adf2d30_0 .var/2u "reset", 0 0;
E_0000025a1ab1c880 .event posedge, v0000025a1adf2d30_0, v0000025a1ab1bf40_0;
E_0000025a1ab1d100 .event posedge, v0000025a1ab1bf40_0;
    .scope S_0000025a1adf29c0;
T_0 ;
    %delay 5, 0;
    %load/vec4 v0000025a1ab1bf40_0;
    %inv;
    %store/vec4 v0000025a1ab1bf40_0, 0, 1;
    %jmp T_0;
    .thread T_0;
    .scope S_0000025a1adf29c0;
T_1 ;
    %wait E_0000025a1ab1d100;
    %load/vec4 v0000025a1adf2d30_0;
    %flag_set/vec4 8;
    %jmp/0xz  T_1.0, 8;
    %pushi/vec4 0, 0, 2;
    %assign/vec4 v0000025a1adf2bf0_0, 0;
    %jmp T_1.1;
T_1.0 ;
    %load/vec4 v0000025a1adf2b50_0;
    %assign/vec4 v0000025a1adf2bf0_0, 0;
T_1.1 ;
    %jmp T_1;
    .thread T_1;
    .scope S_0000025a1adf29c0;
T_2 ;
    %wait E_0000025a1ab1c880;
    %load/vec4 v0000025a1adf2d30_0;
    %flag_set/vec4 8;
    %jmp/0xz  T_2.0, 8;
    %pushi/vec4 0, 0, 2;
    %assign/vec4 v0000025a1adf2c90_0, 0;
    %jmp T_2.1;
T_2.0 ;
    %load/vec4 v0000025a1adf2b50_0;
    %assign/vec4 v0000025a1adf2c90_0, 0;
T_2.1 ;
    %jmp T_2;
    .thread T_2;
    .scope S_0000025a1adf29c0;
T_3 ;
    %vpi_call/w 3 37 "$dumpfile", "top.vcd" {0 0 0};
    %vpi_call/w 3 38 "$dumpvars" {0 0 0};
    %delay 100, 0;
    %vpi_call/w 3 40 "$display", "at time = ", $time, " end of the sim" {0 0 0};
    %end;
    .thread T_3;
    .scope S_0000025a1adf29c0;
T_4 ;
    %delay 12, 0;
    %pushi/vec4 1, 0, 1;
    %store/vec4 v0000025a1adf2d30_0, 0, 1;
    %delay 37, 0;
    %pushi/vec4 0, 0, 1;
    %store/vec4 v0000025a1adf2d30_0, 0, 1;
    %vpi_call/w 3 48 "$finish" {0 0 0};
    %end;
    .thread T_4;
    .scope S_0000025a1adf29c0;
T_5 ;
    %delay 32, 0;
    %pushi/vec4 2, 0, 2;
    %store/vec4 v0000025a1adf2b50_0, 0, 2;
    %delay 20, 0;
    %pushi/vec4 3, 0, 2;
    %store/vec4 v0000025a1adf2b50_0, 0, 2;
    %end;
    .thread T_5;
# The file index is used to find the file name in the following table.
:file_names 4;
    "N/A";
    "<interactive>";
    "-";
    "src/top.sv";
