#! /c/Source/iverilog-install/bin/vvp
:ivl_version "12.0 (devel)" "(s20150603-1539-g2693dd32b)";
:ivl_delay_selection "TYPICAL";
:vpi_time_precision + 0;
:vpi_module "C:\iverilog\lib\ivl\system.vpi";
:vpi_module "C:\iverilog\lib\ivl\vhdl_sys.vpi";
:vpi_module "C:\iverilog\lib\ivl\vhdl_textio.vpi";
:vpi_module "C:\iverilog\lib\ivl\v2005_math.vpi";
:vpi_module "C:\iverilog\lib\ivl\va_math.vpi";
:vpi_module "C:\iverilog\lib\ivl\v2009.vpi";
S_00000200e1a529c0 .scope package, "$unit" "$unit" 2 1;
 .timescale 0 0;
S_00000200e1a52b50 .scope module, "top" "top" 3 4;
 .timescale 0 0;
v00000200e151a0d0_0 .var/str "case1";
v00000200e1a52ce0_0 .var/str "case2";
S_00000200e1a79630 .scope task, "case1_1" "case1_1" 3 18, 3 18 0, S_00000200e1a52b50;
 .timescale 0 0;
TD_top.case1_1 ;
    %delay 1, 0;
    %vpi_call/w 3 20 "$display", "--------", $time, " ns, ", v00000200e151a0d0_0, ", case1_1" {0 0 0};
    %end;
S_00000200e1a797c0 .scope task, "case1_2" "case1_2" 3 22, 3 22 0, S_00000200e1a52b50;
 .timescale 0 0;
TD_top.case1_2 ;
    %delay 2, 0;
    %vpi_call/w 3 24 "$display", "--------", $time, " ns, ", v00000200e151a0d0_0, ", case1_2" {0 0 0};
    %end;
S_00000200e1a79950 .scope task, "case1_3" "case1_3" 3 26, 3 26 0, S_00000200e1a52b50;
 .timescale 0 0;
TD_top.case1_3 ;
    %delay 3, 0;
    %vpi_call/w 3 28 "$display", "--------", $time, " ns, ", v00000200e151a0d0_0, ", case1_3" {0 0 0};
    %end;
S_00000200e1a79ae0 .scope task, "case2_1" "case2_1" 3 45, 3 45 0, S_00000200e1a52b50;
 .timescale 0 0;
TD_top.case2_1 ;
    %delay 1, 0;
    %vpi_call/w 3 47 "$display", "%0d", $time, " ns, ", v00000200e1a52ce0_0, ", case2_1" {0 0 0};
    %end;
S_00000200e1a79c70 .scope task, "case2_2" "case2_2" 3 49, 3 49 0, S_00000200e1a52b50;
 .timescale 0 0;
TD_top.case2_2 ;
    %delay 2, 0;
    %vpi_call/w 3 51 "$display", "%0d", $time, " ns, ", v00000200e1a52ce0_0, ", case2_2" {0 0 0};
    %end;
S_00000200e1a79e00 .scope task, "case2_3" "case2_3" 3 53, 3 53 0, S_00000200e1a52b50;
 .timescale 0 0;
TD_top.case2_3 ;
    %delay 3, 0;
    %vpi_call/w 3 55 "$display", "%0d", $time, " ns, ", v00000200e1a52ce0_0, ", case2_3" {0 0 0};
    %end;
    .scope S_00000200e1a52b50;
T_6 ;
    %pushi/str "case1";
    %store/str v00000200e151a0d0_0;
    %pushi/str "case2";
    %store/str v00000200e1a52ce0_0;
    %end;
    .thread T_6, $init;
    .scope S_00000200e1a52b50;
T_7 ;
    %fork t_1, S_00000200e1a52b50;
    %fork t_2, S_00000200e1a52b50;
    %join/detach 2;
    %jmp t_0;
t_1 ;
    %fork TD_top.case1_1, S_00000200e1a79630;
    %join;
    %end;
t_2 ;
    %fork TD_top.case1_2, S_00000200e1a797c0;
    %join;
    %end;
    .scope S_00000200e1a52b50;
t_0 ;
    %fork t_4, S_00000200e1a52b50;
    %fork t_5, S_00000200e1a52b50;
    %join/detach 2;
    %jmp t_3;
t_4 ;
    %fork TD_top.case1_1, S_00000200e1a79630;
    %join;
    %end;
t_5 ;
    %fork TD_top.case1_3, S_00000200e1a79950;
    %join;
    %end;
    .scope S_00000200e1a52b50;
t_3 ;
    %delay 10, 0;
    %vpi_call/w 3 16 "$display", "--------", $time, " ns, ", v00000200e151a0d0_0, ", finish" {0 0 0};
    %end;
    .thread T_7;
    .scope S_00000200e1a52b50;
T_8 ;
    %fork t_7, S_00000200e1a52b50;
    %fork t_8, S_00000200e1a52b50;
    %join/detach 2;
    %jmp t_6;
t_7 ;
    %fork TD_top.case2_1, S_00000200e1a79ae0;
    %join;
    %end;
t_8 ;
    %fork TD_top.case2_2, S_00000200e1a79c70;
    %join;
    %end;
    .scope S_00000200e1a52b50;
t_6 ;
    %fork t_10, S_00000200e1a52b50;
    %fork t_11, S_00000200e1a52b50;
    %join/detach 2;
    %jmp t_9;
t_10 ;
    %fork TD_top.case2_1, S_00000200e1a79ae0;
    %join;
    %end;
t_11 ;
    %fork TD_top.case2_3, S_00000200e1a79e00;
    %join;
    %end;
    .scope S_00000200e1a52b50;
t_9 ;
    %disable/fork;
    %delay 10, 0;
    %vpi_call/w 3 43 "$display", "%0d", $time, " ns, ", v00000200e1a52ce0_0, ", finish" {0 0 0};
    %end;
    .thread T_8;
# The file index is used to find the file name in the following table.
:file_names 4;
    "N/A";
    "<interactive>";
    "-";
    "src/top.sv";
